<?xml version="1.0" encoding="UTF-8"?>
<!-- Generated by org.testng.reporters.JUnitReportReporter -->
<testsuite hostname="DESKTOP-3R73L8V" failures="0" tests="1" name="com.nopcommerce.testCases.TC_AddCustomerTest_003" time="24.044" errors="0" timestamp="15 Jan 2019 02:37:17 GMT" skipped="0">
  <testcase classname="com.nopcommerce.testCases.TC_AddCustomerTest_003" name="addNewCustomer" time="24.044"/>
</testsuite> <!-- com.nopcommerce.testCases.TC_AddCustomerTest_003 -->
