<?xml version="1.0" encoding="UTF-8"?>
<!-- Generated by org.testng.reporters.JUnitReportReporter -->
<testsuite hostname="DESKTOP-3R73L8V" failures="0" tests="1" name="com.nopcommerce.testCases.TC_LoginTest_001" time="13.832" errors="0" timestamp="15 Jan 2019 01:35:52 GMT" skipped="0">
  <testcase classname="com.nopcommerce.testCases.TC_LoginTest_001" name="loginTest" time="13.832"/>
</testsuite> <!-- com.nopcommerce.testCases.TC_LoginTest_001 -->
